2025-01-22 14:10:49,708 - ERP Recommendations:
2025-01-22 14:10:49,709 -   product_id product_name  recommended_order
2       P003        Tools                631
2025-01-22 14:10:53,101 - Disruption Analysis:
2025-01-22 14:10:53,102 - {'product_id': 'P001', 'risk_percentage': np.float64(0.0), 'forecasted_values': 2025-01-01    54.947881
2025-01-02    56.422509
2025-01-03    56.373147
2025-01-04    56.374799
2025-01-05    56.374744
2025-01-06    56.374746
2025-01-07    56.374746
2025-01-08    56.374746
2025-01-09    56.374746
2025-01-10    56.374746
2025-01-11    56.374746
2025-01-12    56.374746
2025-01-13    56.374746
2025-01-14    56.374746
2025-01-15    56.374746
2025-01-16    56.374746
2025-01-17    56.374746
2025-01-18    56.374746
2025-01-19    56.374746
2025-01-20    56.374746
2025-01-21    56.374746
2025-01-22    56.374746
2025-01-23    56.374746
2025-01-24    56.374746
2025-01-25    56.374746
2025-01-26    56.374746
2025-01-27    56.374746
2025-01-28    56.374746
2025-01-29    56.374746
2025-01-30    56.374746
Freq: D, Name: predicted_mean, dtype: float64}
2025-01-22 14:11:02,937 - ERP Recommendations:
2025-01-22 14:11:02,938 -   product_id product_name  recommended_order
2       P003        Tools                631
2025-01-22 14:11:34,125 - ERP Recommendations:
2025-01-22 14:11:34,126 -   product_id product_name  recommended_order
2       P003        Tools                631
2025-01-22 14:11:36,106 - Disruption Analysis:
2025-01-22 14:11:36,106 - {'product_id': 'P001', 'risk_percentage': np.float64(0.0), 'forecasted_values': 2025-01-01    54.947881
2025-01-02    56.422509
2025-01-03    56.373147
2025-01-04    56.374799
2025-01-05    56.374744
2025-01-06    56.374746
2025-01-07    56.374746
2025-01-08    56.374746
2025-01-09    56.374746
2025-01-10    56.374746
2025-01-11    56.374746
2025-01-12    56.374746
2025-01-13    56.374746
2025-01-14    56.374746
2025-01-15    56.374746
2025-01-16    56.374746
2025-01-17    56.374746
2025-01-18    56.374746
2025-01-19    56.374746
2025-01-20    56.374746
2025-01-21    56.374746
2025-01-22    56.374746
2025-01-23    56.374746
2025-01-24    56.374746
2025-01-25    56.374746
2025-01-26    56.374746
2025-01-27    56.374746
2025-01-28    56.374746
2025-01-29    56.374746
2025-01-30    56.374746
Freq: D, Name: predicted_mean, dtype: float64}
2025-01-22 14:11:47,812 - ERP Recommendations:
2025-01-22 14:11:47,813 -   product_id product_name  recommended_order
2       P003        Tools                631
2025-01-22 14:12:11,927 - Disruption Analysis:
2025-01-22 14:12:11,927 - {'product_id': 'P001', 'risk_percentage': np.float64(0.0), 'forecasted_values': 2025-01-01    54.947881
2025-01-02    56.422509
2025-01-03    56.373147
2025-01-04    56.374799
2025-01-05    56.374744
2025-01-06    56.374746
2025-01-07    56.374746
2025-01-08    56.374746
2025-01-09    56.374746
2025-01-10    56.374746
2025-01-11    56.374746
2025-01-12    56.374746
2025-01-13    56.374746
2025-01-14    56.374746
2025-01-15    56.374746
2025-01-16    56.374746
2025-01-17    56.374746
2025-01-18    56.374746
2025-01-19    56.374746
2025-01-20    56.374746
2025-01-21    56.374746
2025-01-22    56.374746
2025-01-23    56.374746
2025-01-24    56.374746
2025-01-25    56.374746
2025-01-26    56.374746
2025-01-27    56.374746
2025-01-28    56.374746
2025-01-29    56.374746
2025-01-30    56.374746
Freq: D, Name: predicted_mean, dtype: float64}
